12/02/16  18:28:13	Attaching to process...
12/02/16  18:28:13	Loaded d3d9_enb.dll!
12/02/16  18:28:13	Loaded C:\Windows\system32\d3d9.dll!
12/02/16  18:28:13	Loaded d3d9 API.
12/02/16  18:28:15	======== GRAPHIC ADAPTER ============================
12/02/16  18:28:15	Device Descr   	 : Intel(R) HD Graphics
12/02/16  18:28:15	Vendor Id      	 : 0x8086
12/02/16  18:28:15	Device Id      	 : 0x106
12/02/16  18:28:15	Device SubSysId	 : 0x99971019
12/02/16  18:28:15	Device Revision	 : 0x9
12/02/16  18:28:15	Device GUID    	 : {D7B78E66-4246-11CF-2C63-9DB9B7C2C435}
12/02/16  18:28:15	-------- DRIVER -------------------------------------
12/02/16  18:28:15	User-friendly name	 : igdumd32.dll
12/02/16  18:28:15	Driver version    	 : 0xA1085
12/02/16  18:28:15	=====================================================
12/02/16  18:28:19	Detaching from process...
12/02/16  18:33:00	Attaching to process...
12/02/16  18:33:00	Loaded d3d9_enb.dll!
12/02/16  18:33:00	Loaded C:\Windows\system32\d3d9.dll!
12/02/16  18:33:00	Loaded d3d9 API.
12/02/16  18:33:01	======== GRAPHIC ADAPTER ============================
12/02/16  18:33:01	Device Descr   	 : Intel(R) HD Graphics
12/02/16  18:33:01	Vendor Id      	 : 0x8086
12/02/16  18:33:01	Device Id      	 : 0x106
12/02/16  18:33:01	Device SubSysId	 : 0x99971019
12/02/16  18:33:01	Device Revision	 : 0x9
12/02/16  18:33:01	Device GUID    	 : {D7B78E66-4246-11CF-2C63-9DB9B7C2C435}
12/02/16  18:33:01	-------- DRIVER -------------------------------------
12/02/16  18:33:01	User-friendly name	 : igdumd32.dll
12/02/16  18:33:01	Driver version    	 : 0xA1085
12/02/16  18:33:01	=====================================================
12/02/16  18:34:18	Detaching from process...
12/02/16  18:34:36	Attaching to process...
12/02/16  18:34:36	Loaded d3d9_enb.dll!
12/02/16  18:34:36	Loaded C:\Windows\system32\d3d9.dll!
12/02/16  18:34:36	Loaded d3d9 API.
12/02/16  18:34:38	Attaching to process...
12/02/16  18:34:38	Loaded d3d9_enb.dll!
12/02/16  18:34:38	Loaded C:\Windows\system32\d3d9.dll!
12/02/16  18:34:38	Loaded d3d9 API.
12/02/16  18:34:38	======== GRAPHIC ADAPTER ============================
12/02/16  18:34:38	Device Descr   	 : Intel(R) HD Graphics
12/02/16  18:34:38	Vendor Id      	 : 0x8086
12/02/16  18:34:38	Device Id      	 : 0x106
12/02/16  18:34:38	Device SubSysId	 : 0x99971019
12/02/16  18:34:38	Device Revision	 : 0x9
12/02/16  18:34:38	Device GUID    	 : {D7B78E66-4246-11CF-2C63-9DB9B7C2C435}
12/02/16  18:34:38	-------- DRIVER -------------------------------------
12/02/16  18:34:38	User-friendly name	 : igdumd32.dll
12/02/16  18:34:38	Driver version    	 : 0xA1085
12/02/16  18:34:38	=====================================================
12/02/16  18:34:39	======== GRAPHIC ADAPTER ============================
12/02/16  18:34:39	Device Descr   	 : Intel(R) HD Graphics
12/02/16  18:34:39	Vendor Id      	 : 0x8086
12/02/16  18:34:39	Device Id      	 : 0x106
12/02/16  18:34:39	Device SubSysId	 : 0x99971019
12/02/16  18:34:39	Device Revision	 : 0x9
12/02/16  18:34:39	Device GUID    	 : {D7B78E66-4246-11CF-2C63-9DB9B7C2C435}
12/02/16  18:34:39	-------- DRIVER -------------------------------------
12/02/16  18:34:39	User-friendly name	 : igdumd32.dll
12/02/16  18:34:39	Driver version    	 : 0xA1085
12/02/16  18:34:39	=====================================================
12/02/16  18:34:49	Detaching from process...
12/02/16  18:34:51	Detaching from process...
12/02/16  18:34:55	Attaching to process...
12/02/16  18:34:55	Loaded d3d9_enb.dll!
12/02/16  18:34:55	Loaded C:\Windows\system32\d3d9.dll!
12/02/16  18:34:55	Loaded d3d9 API.
12/02/16  18:34:57	======== GRAPHIC ADAPTER ============================
12/02/16  18:34:57	Device Descr   	 : Intel(R) HD Graphics
12/02/16  18:34:57	Vendor Id      	 : 0x8086
12/02/16  18:34:57	Device Id      	 : 0x106
12/02/16  18:34:57	Device SubSysId	 : 0x99971019
12/02/16  18:34:57	Device Revision	 : 0x9
12/02/16  18:34:57	Device GUID    	 : {D7B78E66-4246-11CF-2C63-9DB9B7C2C435}
12/02/16  18:34:57	-------- DRIVER -------------------------------------
12/02/16  18:34:57	User-friendly name	 : igdumd32.dll
12/02/16  18:34:57	Driver version    	 : 0xA1085
12/02/16  18:34:57	=====================================================
12/02/16  18:34:59	======== GRAPHIC ADAPTER ============================
12/02/16  18:34:59	Device Descr   	 : Intel(R) HD Graphics
12/02/16  18:34:59	Vendor Id      	 : 0x8086
12/02/16  18:34:59	Device Id      	 : 0x106
12/02/16  18:34:59	Device SubSysId	 : 0x99971019
12/02/16  18:34:59	Device Revision	 : 0x9
12/02/16  18:34:59	Device GUID    	 : {D7B78E66-4246-11CF-2C63-9DB9B7C2C435}
12/02/16  18:34:59	-------- DRIVER -------------------------------------
12/02/16  18:34:59	User-friendly name	 : igdumd32.dll
12/02/16  18:34:59	Driver version    	 : 0xA1085
12/02/16  18:34:59	=====================================================
12/02/16  18:34:59	======== GRAPHIC ADAPTER ============================
12/02/16  18:34:59	Device Descr   	 : Intel(R) HD Graphics
12/02/16  18:34:59	Vendor Id      	 : 0x8086
12/02/16  18:34:59	Device Id      	 : 0x106
12/02/16  18:34:59	Device SubSysId	 : 0x99971019
12/02/16  18:34:59	Device Revision	 : 0x9
12/02/16  18:34:59	Device GUID    	 : {D7B78E66-4246-11CF-2C63-9DB9B7C2C435}
12/02/16  18:34:59	-------- DRIVER -------------------------------------
12/02/16  18:34:59	User-friendly name	 : igdumd32.dll
12/02/16  18:34:59	Driver version    	 : 0xA1085
12/02/16  18:34:59	=====================================================
12/02/16  18:35:01	Detaching from process...
12/02/16  18:35:05	Attaching to process...
12/02/16  18:35:05	Loaded d3d9_enb.dll!
12/02/16  18:35:05	Loaded C:\Windows\system32\d3d9.dll!
12/02/16  18:35:05	Loaded d3d9 API.
12/02/16  18:35:06	======== GRAPHIC ADAPTER ============================
12/02/16  18:35:06	Device Descr   	 : Intel(R) HD Graphics
12/02/16  18:35:06	Vendor Id      	 : 0x8086
12/02/16  18:35:06	Device Id      	 : 0x106
12/02/16  18:35:06	Device SubSysId	 : 0x99971019
12/02/16  18:35:06	Device Revision	 : 0x9
12/02/16  18:35:06	Device GUID    	 : {D7B78E66-4246-11CF-2C63-9DB9B7C2C435}
12/02/16  18:35:06	-------- DRIVER -------------------------------------
12/02/16  18:35:06	User-friendly name	 : igdumd32.dll
12/02/16  18:35:06	Driver version    	 : 0xA1085
12/02/16  18:35:06	=====================================================
12/02/16  18:35:09	Detaching from process...
12/03/16  20:25:14	Attaching to process...
12/03/16  20:25:14	Loaded d3d9_enb.dll!
12/03/16  20:25:14	Loaded C:\Windows\system32\d3d9.dll!
12/03/16  20:25:14	Loaded d3d9 API.
12/03/16  20:25:16	======== GRAPHIC ADAPTER ============================
12/03/16  20:25:16	Device Descr   	 : Intel(R) HD Graphics
12/03/16  20:25:16	Vendor Id      	 : 0x8086
12/03/16  20:25:16	Device Id      	 : 0x106
12/03/16  20:25:16	Device SubSysId	 : 0x99971019
12/03/16  20:25:16	Device Revision	 : 0x9
12/03/16  20:25:16	Device GUID    	 : {D7B78E66-4246-11CF-2C63-9DB9B7C2C435}
12/03/16  20:25:16	-------- DRIVER -------------------------------------
12/03/16  20:25:16	User-friendly name	 : igdumd32.dll
12/03/16  20:25:16	Driver version    	 : 0xA1085
12/03/16  20:25:16	=====================================================
12/03/16  20:25:33	Detaching from process...
12/05/16  21:17:49	Attaching to process...
12/05/16  21:17:49	Loaded d3d9_enb.dll!
12/05/16  21:17:49	Loaded C:\Windows\system32\d3d9.dll!
12/05/16  21:17:49	Loaded d3d9 API.
12/05/16  21:17:54	======== GRAPHIC ADAPTER ============================
12/05/16  21:17:54	Device Descr   	 : Intel(R) HD Graphics
12/05/16  21:17:54	Vendor Id      	 : 0x8086
12/05/16  21:17:54	Device Id      	 : 0x106
12/05/16  21:17:54	Device SubSysId	 : 0x99971019
12/05/16  21:17:54	Device Revision	 : 0x9
12/05/16  21:17:54	Device GUID    	 : {D7B78E66-4246-11CF-2C63-9DB9B7C2C435}
12/05/16  21:17:54	-------- DRIVER -------------------------------------
12/05/16  21:17:54	User-friendly name	 : igdumd32.dll
12/05/16  21:17:54	Driver version    	 : 0xA1085
12/05/16  21:17:54	=====================================================
12/05/16  21:17:58	Detaching from process...
12/05/16  21:18:10	Attaching to process...
12/05/16  21:18:10	Loaded d3d9_enb.dll!
12/05/16  21:18:10	Loaded C:\Windows\system32\d3d9.dll!
12/05/16  21:18:10	Loaded d3d9 API.
12/05/16  21:18:11	======== GRAPHIC ADAPTER ============================
12/05/16  21:18:11	Device Descr   	 : Intel(R) HD Graphics
12/05/16  21:18:11	Vendor Id      	 : 0x8086
12/05/16  21:18:11	Device Id      	 : 0x106
12/05/16  21:18:11	Device SubSysId	 : 0x99971019
12/05/16  21:18:11	Device Revision	 : 0x9
12/05/16  21:18:11	Device GUID    	 : {D7B78E66-4246-11CF-2C63-9DB9B7C2C435}
12/05/16  21:18:11	-------- DRIVER -------------------------------------
12/05/16  21:18:11	User-friendly name	 : igdumd32.dll
12/05/16  21:18:11	Driver version    	 : 0xA1085
12/05/16  21:18:11	=====================================================
12/05/16  21:18:14	Detaching from process...
12/05/16  21:18:21	Attaching to process...
12/05/16  21:18:21	Loaded d3d9_enb.dll!
12/05/16  21:18:21	Loaded C:\Windows\system32\d3d9.dll!
12/05/16  21:18:21	Loaded d3d9 API.
12/05/16  21:18:22	======== GRAPHIC ADAPTER ============================
12/05/16  21:18:22	Device Descr   	 : Intel(R) HD Graphics
12/05/16  21:18:22	Vendor Id      	 : 0x8086
12/05/16  21:18:22	Device Id      	 : 0x106
12/05/16  21:18:22	Device SubSysId	 : 0x99971019
12/05/16  21:18:22	Device Revision	 : 0x9
12/05/16  21:18:22	Device GUID    	 : {D7B78E66-4246-11CF-2C63-9DB9B7C2C435}
12/05/16  21:18:22	-------- DRIVER -------------------------------------
12/05/16  21:18:22	User-friendly name	 : igdumd32.dll
12/05/16  21:18:22	Driver version    	 : 0xA1085
12/05/16  21:18:22	=====================================================
12/05/16  21:18:24	======== GRAPHIC ADAPTER ============================
12/05/16  21:18:24	Device Descr   	 : Intel(R) HD Graphics
12/05/16  21:18:24	Vendor Id      	 : 0x8086
12/05/16  21:18:24	Device Id      	 : 0x106
12/05/16  21:18:24	Device SubSysId	 : 0x99971019
12/05/16  21:18:24	Device Revision	 : 0x9
12/05/16  21:18:24	Device GUID    	 : {D7B78E66-4246-11CF-2C63-9DB9B7C2C435}
12/05/16  21:18:24	-------- DRIVER -------------------------------------
12/05/16  21:18:24	User-friendly name	 : igdumd32.dll
12/05/16  21:18:24	Driver version    	 : 0xA1085
12/05/16  21:18:24	=====================================================
12/05/16  21:18:25	======== GRAPHIC ADAPTER ============================
12/05/16  21:18:25	Device Descr   	 : Intel(R) HD Graphics
12/05/16  21:18:25	Vendor Id      	 : 0x8086
12/05/16  21:18:25	Device Id      	 : 0x106
12/05/16  21:18:25	Device SubSysId	 : 0x99971019
12/05/16  21:18:25	Device Revision	 : 0x9
12/05/16  21:18:25	Device GUID    	 : {D7B78E66-4246-11CF-2C63-9DB9B7C2C435}
12/05/16  21:18:25	-------- DRIVER -------------------------------------
12/05/16  21:18:25	User-friendly name	 : igdumd32.dll
12/05/16  21:18:25	Driver version    	 : 0xA1085
12/05/16  21:18:25	=====================================================
12/05/16  21:18:26	======== GRAPHIC ADAPTER ============================
12/05/16  21:18:26	Device Descr   	 : Intel(R) HD Graphics
12/05/16  21:18:26	Vendor Id      	 : 0x8086
12/05/16  21:18:26	Device Id      	 : 0x106
12/05/16  21:18:26	Device SubSysId	 : 0x99971019
12/05/16  21:18:26	Device Revision	 : 0x9
12/05/16  21:18:26	Device GUID    	 : {D7B78E66-4246-11CF-2C63-9DB9B7C2C435}
12/05/16  21:18:26	-------- DRIVER -------------------------------------
12/05/16  21:18:26	User-friendly name	 : igdumd32.dll
12/05/16  21:18:26	Driver version    	 : 0xA1085
12/05/16  21:18:26	=====================================================
12/05/16  21:18:27	Detaching from process...
12/05/16  21:32:06	Attaching to process...
12/05/16  21:32:06	Loaded d3d9_enb.dll!
12/05/16  21:32:06	Loaded C:\Windows\system32\d3d9.dll!
12/05/16  21:32:06	Loaded d3d9 API.
12/05/16  21:32:08	======== GRAPHIC ADAPTER ============================
12/05/16  21:32:08	Device Descr   	 : Intel(R) HD Graphics
12/05/16  21:32:08	Vendor Id      	 : 0x8086
12/05/16  21:32:08	Device Id      	 : 0x106
12/05/16  21:32:08	Device SubSysId	 : 0x99971019
12/05/16  21:32:08	Device Revision	 : 0x9
12/05/16  21:32:08	Device GUID    	 : {D7B78E66-4246-11CF-2C63-9DB9B7C2C435}
12/05/16  21:32:08	-------- DRIVER -------------------------------------
12/05/16  21:32:08	User-friendly name	 : igdumd32.dll
12/05/16  21:32:08	Driver version    	 : 0xA1085
12/05/16  21:32:08	=====================================================
12/05/16  21:32:12	Detaching from process...
12/05/16  21:32:18	Attaching to process...
12/05/16  21:32:18	Loaded d3d9_enb.dll!
12/05/16  21:32:18	Loaded C:\Windows\system32\d3d9.dll!
12/05/16  21:32:18	Loaded d3d9 API.
12/05/16  21:32:19	======== GRAPHIC ADAPTER ============================
12/05/16  21:32:19	Device Descr   	 : Intel(R) HD Graphics
12/05/16  21:32:19	Vendor Id      	 : 0x8086
12/05/16  21:32:19	Device Id      	 : 0x106
12/05/16  21:32:19	Device SubSysId	 : 0x99971019
12/05/16  21:32:19	Device Revision	 : 0x9
12/05/16  21:32:19	Device GUID    	 : {D7B78E66-4246-11CF-2C63-9DB9B7C2C435}
12/05/16  21:32:19	-------- DRIVER -------------------------------------
12/05/16  21:32:19	User-friendly name	 : igdumd32.dll
12/05/16  21:32:19	Driver version    	 : 0xA1085
12/05/16  21:32:19	=====================================================
12/05/16  21:32:21	Detaching from process...
12/05/16  21:32:23	Attaching to process...
12/05/16  21:32:23	Loaded d3d9_enb.dll!
12/05/16  21:32:23	Loaded C:\Windows\system32\d3d9.dll!
12/05/16  21:32:23	Loaded d3d9 API.
12/05/16  21:32:24	======== GRAPHIC ADAPTER ============================
12/05/16  21:32:24	Device Descr   	 : Intel(R) HD Graphics
12/05/16  21:32:24	Vendor Id      	 : 0x8086
12/05/16  21:32:24	Device Id      	 : 0x106
12/05/16  21:32:24	Device SubSysId	 : 0x99971019
12/05/16  21:32:24	Device Revision	 : 0x9
12/05/16  21:32:24	Device GUID    	 : {D7B78E66-4246-11CF-2C63-9DB9B7C2C435}
12/05/16  21:32:24	-------- DRIVER -------------------------------------
12/05/16  21:32:24	User-friendly name	 : igdumd32.dll
12/05/16  21:32:24	Driver version    	 : 0xA1085
12/05/16  21:32:24	=====================================================
12/05/16  21:32:26	Detaching from process...
12/05/16  21:32:59	Attaching to process...
12/05/16  21:32:59	Loaded d3d9_enb.dll!
12/05/16  21:32:59	Loaded C:\Windows\system32\d3d9.dll!
12/05/16  21:32:59	Loaded d3d9 API.
12/05/16  21:33:01	======== GRAPHIC ADAPTER ============================
12/05/16  21:33:01	Device Descr   	 : Intel(R) HD Graphics
12/05/16  21:33:01	Vendor Id      	 : 0x8086
12/05/16  21:33:01	Device Id      	 : 0x106
12/05/16  21:33:01	Device SubSysId	 : 0x99971019
12/05/16  21:33:01	Device Revision	 : 0x9
12/05/16  21:33:01	Device GUID    	 : {D7B78E66-4246-11CF-2C63-9DB9B7C2C435}
12/05/16  21:33:01	-------- DRIVER -------------------------------------
12/05/16  21:33:01	User-friendly name	 : igdumd32.dll
12/05/16  21:33:01	Driver version    	 : 0xA1085
12/05/16  21:33:01	=====================================================
12/05/16  21:33:03	Detaching from process...
12/06/16  23:28:00	Attaching to process...
12/06/16  23:28:00	Loaded d3d9_enb.dll!
12/06/16  23:28:00	Loaded C:\Windows\system32\d3d9.dll!
12/06/16  23:28:00	Loaded d3d9 API.
12/06/16  23:28:02	======== GRAPHIC ADAPTER ============================
12/06/16  23:28:02	Device Descr   	 : Intel(R) HD Graphics
12/06/16  23:28:02	Vendor Id      	 : 0x8086
12/06/16  23:28:02	Device Id      	 : 0x106
12/06/16  23:28:02	Device SubSysId	 : 0x99971019
12/06/16  23:28:02	Device Revision	 : 0x9
12/06/16  23:28:02	Device GUID    	 : {D7B78E66-4246-11CF-2C63-9DB9B7C2C435}
12/06/16  23:28:02	-------- DRIVER -------------------------------------
12/06/16  23:28:02	User-friendly name	 : igdumd32.dll
12/06/16  23:28:02	Driver version    	 : 0xA1085
12/06/16  23:28:02	=====================================================
12/06/16  23:28:04	Detaching from process...
12/06/16  23:28:17	Attaching to process...
12/06/16  23:28:17	Loaded d3d9_enb.dll!
12/06/16  23:28:17	Loaded C:\Windows\system32\d3d9.dll!
12/06/16  23:28:17	Loaded d3d9 API.
12/06/16  23:28:18	======== GRAPHIC ADAPTER ============================
12/06/16  23:28:18	Device Descr   	 : Intel(R) HD Graphics
12/06/16  23:28:18	Vendor Id      	 : 0x8086
12/06/16  23:28:18	Device Id      	 : 0x106
12/06/16  23:28:18	Device SubSysId	 : 0x99971019
12/06/16  23:28:18	Device Revision	 : 0x9
12/06/16  23:28:18	Device GUID    	 : {D7B78E66-4246-11CF-2C63-9DB9B7C2C435}
12/06/16  23:28:18	-------- DRIVER -------------------------------------
12/06/16  23:28:18	User-friendly name	 : igdumd32.dll
12/06/16  23:28:18	Driver version    	 : 0xA1085
12/06/16  23:28:18	=====================================================
12/06/16  23:28:27	Detaching from process...
12/06/16  23:30:36	Attaching to process...
12/06/16  23:30:36	Loaded d3d9_enb.dll!
12/06/16  23:30:36	Loaded C:\Windows\system32\d3d9.dll!
12/06/16  23:30:36	Loaded d3d9 API.
12/06/16  23:30:37	======== GRAPHIC ADAPTER ============================
12/06/16  23:30:37	Device Descr   	 : Intel(R) HD Graphics
12/06/16  23:30:37	Vendor Id      	 : 0x8086
12/06/16  23:30:37	Device Id      	 : 0x106
12/06/16  23:30:37	Device SubSysId	 : 0x99971019
12/06/16  23:30:37	Device Revision	 : 0x9
12/06/16  23:30:37	Device GUID    	 : {D7B78E66-4246-11CF-2C63-9DB9B7C2C435}
12/06/16  23:30:37	-------- DRIVER -------------------------------------
12/06/16  23:30:37	User-friendly name	 : igdumd32.dll
12/06/16  23:30:37	Driver version    	 : 0xA1085
12/06/16  23:30:37	=====================================================
12/06/16  23:30:39	Detaching from process...
12/06/16  23:31:55	Attaching to process...
12/06/16  23:31:55	Loaded d3d9_enb.dll!
12/06/16  23:31:55	Loaded C:\Windows\system32\d3d9.dll!
12/06/16  23:31:55	Loaded d3d9 API.
12/06/16  23:31:56	======== GRAPHIC ADAPTER ============================
12/06/16  23:31:56	Device Descr   	 : Intel(R) HD Graphics
12/06/16  23:31:56	Vendor Id      	 : 0x8086
12/06/16  23:31:56	Device Id      	 : 0x106
12/06/16  23:31:56	Device SubSysId	 : 0x99971019
12/06/16  23:31:56	Device Revision	 : 0x9
12/06/16  23:31:56	Device GUID    	 : {D7B78E66-4246-11CF-2C63-9DB9B7C2C435}
12/06/16  23:31:56	-------- DRIVER -------------------------------------
12/06/16  23:31:56	User-friendly name	 : igdumd32.dll
12/06/16  23:31:56	Driver version    	 : 0xA1085
12/06/16  23:31:56	=====================================================
12/06/16  23:31:58	Detaching from process...
12/06/16  23:35:54	Attaching to process...
12/06/16  23:35:54	Loaded d3d9_enb.dll!
12/06/16  23:35:54	Loaded C:\Windows\system32\d3d9.dll!
12/06/16  23:35:54	Loaded d3d9 API.
12/06/16  23:35:56	======== GRAPHIC ADAPTER ============================
12/06/16  23:35:56	Device Descr   	 : Intel(R) HD Graphics
12/06/16  23:35:56	Vendor Id      	 : 0x8086
12/06/16  23:35:56	Device Id      	 : 0x106
12/06/16  23:35:56	Device SubSysId	 : 0x99971019
12/06/16  23:35:56	Device Revision	 : 0x9
12/06/16  23:35:56	Device GUID    	 : {D7B78E66-4246-11CF-2C63-9DB9B7C2C435}
12/06/16  23:35:56	-------- DRIVER -------------------------------------
12/06/16  23:35:56	User-friendly name	 : igdumd32.dll
12/06/16  23:35:56	Driver version    	 : 0xA1085
12/06/16  23:35:56	=====================================================
12/06/16  23:35:58	Detaching from process...
12/06/16  23:52:28	Attaching to process...
12/06/16  23:52:28	Loaded d3d9_enb.dll!
12/06/16  23:52:28	Loaded C:\Windows\system32\d3d9.dll!
12/06/16  23:52:28	Loaded d3d9 API.
12/06/16  23:52:36	======== GRAPHIC ADAPTER ============================
12/06/16  23:52:36	Device Descr   	 : Intel(R) HD Graphics
12/06/16  23:52:36	Vendor Id      	 : 0x8086
12/06/16  23:52:36	Device Id      	 : 0x106
12/06/16  23:52:36	Device SubSysId	 : 0x99971019
12/06/16  23:52:36	Device Revision	 : 0x9
12/06/16  23:52:36	Device GUID    	 : {D7B78E66-4246-11CF-2C63-9DB9B7C2C435}
12/06/16  23:52:36	-------- DRIVER -------------------------------------
12/06/16  23:52:36	User-friendly name	 : igdumd32.dll
12/06/16  23:52:36	Driver version    	 : 0xA1085
12/06/16  23:52:36	=====================================================
12/06/16  23:53:23	Attaching to process...
12/06/16  23:53:23	Loaded d3d9_enb.dll!
12/06/16  23:53:23	Loaded C:\Windows\system32\d3d9.dll!
12/06/16  23:53:23	Loaded d3d9 API.
12/06/16  23:53:32	======== GRAPHIC ADAPTER ============================
12/06/16  23:53:32	Device Descr   	 : Intel(R) HD Graphics
12/06/16  23:53:32	Vendor Id      	 : 0x8086
12/06/16  23:53:32	Device Id      	 : 0x106
12/06/16  23:53:32	Device SubSysId	 : 0x99971019
12/06/16  23:53:32	Device Revision	 : 0x9
12/06/16  23:53:32	Device GUID    	 : {D7B78E66-4246-11CF-2C63-9DB9B7C2C435}
12/06/16  23:53:32	-------- DRIVER -------------------------------------
12/06/16  23:53:32	User-friendly name	 : igdumd32.dll
12/06/16  23:53:32	Driver version    	 : 0xA1085
12/06/16  23:53:32	=====================================================
12/06/16  23:53:47	Detaching from process...
